2026-03-28 19:12:16 - src.training - INFO - Loading feature matrix from D:\ai-project\match-predictor\data\processed\feature_matrix.csv
2026-03-28 19:12:16 - src.training - INFO - Using features: ['team1_win_rate_last5', 'team2_win_rate_last5', 'team1_h2h_win_pct', 'team2_h2h_win_pct', 'team1_venue_win_rate', 'team2_venue_win_rate', 'toss_decision_encoded', 'day_of_week', 'team1_encoded', 'team2_encoded', 'venue_encoded', 'city_encoded', 'toss_winner_encoded', 'toss_decision_encoded', 'form_diff', 'venue_form_diff', 'h2h_win_pct_diff']
2026-03-28 19:12:16 - src.training - INFO - ==================================================
2026-03-28 19:12:16 - src.training - INFO - Starting model training
2026-03-28 19:12:16 - src.training - INFO - ==================================================
2026-03-28 19:12:16 - src.training - INFO - Performing temporal split...
2026-03-28 19:12:16 - src.training - INFO - Train cutoff: 2014-12-31, Val cutoff: 2016-12-31
2026-03-28 19:12:16 - src.training - INFO - Train: 444 matches
2026-03-28 19:12:16 - src.training - INFO - Validation: 129 matches
2026-03-28 19:12:16 - src.training - INFO - Test: 57 matches
2026-03-28 19:12:16 - src.training - INFO - Preparing training data...
2026-03-28 19:12:16 - src.training - INFO - Saved scaler to D:\ai-project\match-predictor\models\scalers\scaler.pkl
2026-03-28 19:12:16 - src.training - INFO - Training data prepared: 444 samples, 17 features
2026-03-28 19:12:16 - src.training - INFO - 
==================== Training logistic ====================
2026-03-28 19:12:16 - src.training - INFO - Starting 5-fold cross-validation...
2026-03-28 19:12:16 - src.training - INFO -   Fold 1/5...
2026-03-28 19:12:16 - src.models - INFO - Training LogisticRegression (C=1.0)...
2026-03-28 19:12:16 - src.models - INFO - Training complete
2026-03-28 19:12:16 - src.training - INFO -   Fold 2/5...
2026-03-28 19:12:16 - src.models - INFO - Training LogisticRegression (C=1.0)...
2026-03-28 19:12:16 - src.models - INFO - Training complete
2026-03-28 19:12:16 - src.training - INFO -   Fold 3/5...
2026-03-28 19:12:16 - src.models - INFO - Training LogisticRegression (C=1.0)...
2026-03-28 19:12:16 - src.models - INFO - Training complete
2026-03-28 19:12:16 - src.training - INFO -   Fold 4/5...
2026-03-28 19:12:16 - src.models - INFO - Training LogisticRegression (C=1.0)...
2026-03-28 19:12:16 - src.models - INFO - Training complete
2026-03-28 19:12:16 - src.training - INFO -   Fold 5/5...
2026-03-28 19:12:16 - src.models - INFO - Training LogisticRegression (C=1.0)...
2026-03-28 19:12:16 - src.models - INFO - Training complete
2026-03-28 19:12:16 - src.training - INFO -   CV accuracy: 0.5091 ± 0.0484
2026-03-28 19:12:16 - src.training - INFO -   CV roc_auc: 0.5052 ± 0.0323
2026-03-28 19:12:16 - src.training - INFO -   CV f1: 0.5267 ± 0.0204
2026-03-28 19:12:16 - src.training - INFO -   CV precision: 0.5403 ± 0.0515
2026-03-28 19:12:16 - src.training - INFO -   CV recall: 0.5195 ± 0.0368
2026-03-28 19:12:16 - src.training - INFO - Training model...
2026-03-28 19:12:16 - src.models - INFO - Training LogisticRegression (C=1.0)...
2026-03-28 19:12:16 - src.models - INFO - Training complete
2026-03-28 19:12:16 - src.training - INFO - Training accuracy: 0.5541
2026-03-28 19:12:16 - src.training - INFO - Training ROC-AUC: 0.5948
2026-03-28 19:12:16 - src.training - INFO - Training F1: 0.5696
2026-03-28 19:12:16 - src.training - INFO - Validation accuracy: 0.4574
2026-03-28 19:12:16 - src.training - INFO - Validation ROC-AUC: 0.4096
2026-03-28 19:12:16 - src.training - INFO - Validation F1: 0.5139
2026-03-28 19:12:16 - src.training - INFO - Evaluating model on test set...
2026-03-28 19:12:16 - src.training - INFO - test_accuracy: 0.4386
2026-03-28 19:12:16 - src.training - INFO - test_roc_auc: 0.4463
2026-03-28 19:12:16 - src.training - INFO - test_f1: 0.4483
2026-03-28 19:12:16 - src.training - INFO - test_precision: 0.3939
2026-03-28 19:12:16 - src.training - INFO - test_recall: 0.5200
2026-03-28 19:12:16 - src.training - INFO - New best model: logistic (val ROC-AUC: 0.4096)
2026-03-28 19:12:16 - src.training - INFO - 
==================== Training random_forest ====================
2026-03-28 19:12:16 - src.training - INFO - Starting 5-fold cross-validation...
2026-03-28 19:12:16 - src.training - INFO -   Fold 1/5...
2026-03-28 19:12:16 - src.models - INFO - Training RandomForest (n_estimators=200, max_depth=10)...
2026-03-28 19:12:17 - src.models - INFO - Training complete
2026-03-28 19:12:17 - src.training - INFO -   Fold 2/5...
2026-03-28 19:12:17 - src.models - INFO - Training RandomForest (n_estimators=200, max_depth=10)...
2026-03-28 19:12:18 - src.models - INFO - Training complete
2026-03-28 19:12:18 - src.training - INFO -   Fold 3/5...
2026-03-28 19:12:18 - src.models - INFO - Training RandomForest (n_estimators=200, max_depth=10)...
2026-03-28 19:12:19 - src.models - INFO - Training complete
2026-03-28 19:12:19 - src.training - INFO -   Fold 4/5...
2026-03-28 19:12:19 - src.models - INFO - Training RandomForest (n_estimators=200, max_depth=10)...
2026-03-28 19:12:20 - src.models - INFO - Training complete
2026-03-28 19:12:20 - src.training - INFO -   Fold 5/5...
2026-03-28 19:12:20 - src.models - INFO - Training RandomForest (n_estimators=200, max_depth=10)...
2026-03-28 19:12:21 - src.models - INFO - Training complete
2026-03-28 19:12:21 - src.training - INFO -   CV accuracy: 0.5204 ± 0.0555
2026-03-28 19:12:21 - src.training - INFO -   CV roc_auc: 0.5242 ± 0.0536
2026-03-28 19:12:21 - src.training - INFO -   CV f1: 0.5489 ± 0.0524
2026-03-28 19:12:21 - src.training - INFO -   CV precision: 0.5443 ± 0.0555
2026-03-28 19:12:21 - src.training - INFO -   CV recall: 0.5578 ± 0.0697
2026-03-28 19:12:21 - src.training - INFO - Training model...
2026-03-28 19:12:21 - src.models - INFO - Training RandomForest (n_estimators=200, max_depth=10)...
2026-03-28 19:12:22 - src.models - INFO - Training complete
2026-03-28 19:12:22 - src.training - INFO - Training accuracy: 0.9977
2026-03-28 19:12:22 - src.training - INFO - Training ROC-AUC: 0.9999
2026-03-28 19:12:22 - src.training - INFO - Training F1: 0.9979
2026-03-28 19:12:22 - src.training - INFO - Validation accuracy: 0.3876
2026-03-28 19:12:22 - src.training - INFO - Validation ROC-AUC: 0.3940
2026-03-28 19:12:22 - src.training - INFO - Validation F1: 0.3577
2026-03-28 19:12:22 - src.training - INFO - Evaluating model on test set...
2026-03-28 19:12:22 - src.training - INFO - test_accuracy: 0.5263
2026-03-28 19:12:22 - src.training - INFO - test_roc_auc: 0.4738
2026-03-28 19:12:22 - src.training - INFO - test_f1: 0.4706
2026-03-28 19:12:22 - src.training - INFO - test_precision: 0.4615
2026-03-28 19:12:22 - src.training - INFO - test_recall: 0.4800
2026-03-28 19:12:22 - src.training - INFO - 
==================== Training xgboost ====================
2026-03-28 19:12:22 - src.training - INFO - Starting 5-fold cross-validation...
2026-03-28 19:12:22 - src.training - INFO -   Fold 1/5...
2026-03-28 19:12:22 - src.models - INFO - Training XGBoost (n_estimators=300, lr=0.05)...
2026-03-28 19:12:23 - src.models - INFO - Training complete
2026-03-28 19:12:23 - src.training - INFO -   Fold 2/5...
2026-03-28 19:12:23 - src.models - INFO - Training XGBoost (n_estimators=300, lr=0.05)...
2026-03-28 19:12:24 - src.models - INFO - Training complete
2026-03-28 19:12:24 - src.training - INFO -   Fold 3/5...
2026-03-28 19:12:24 - src.models - INFO - Training XGBoost (n_estimators=300, lr=0.05)...
2026-03-28 19:12:25 - src.models - INFO - Training complete
2026-03-28 19:12:25 - src.training - INFO -   Fold 4/5...
2026-03-28 19:12:25 - src.models - INFO - Training XGBoost (n_estimators=300, lr=0.05)...
2026-03-28 19:12:27 - src.models - INFO - Training complete
2026-03-28 19:12:27 - src.training - INFO -   Fold 5/5...
2026-03-28 19:12:27 - src.models - INFO - Training XGBoost (n_estimators=300, lr=0.05)...
2026-03-28 19:12:28 - src.models - INFO - Training complete
2026-03-28 19:12:28 - src.training - INFO -   CV accuracy: 0.5181 ± 0.0350
2026-03-28 19:12:28 - src.training - INFO -   CV roc_auc: 0.5297 ± 0.0558
2026-03-28 19:12:28 - src.training - INFO -   CV f1: 0.5478 ± 0.0389
2026-03-28 19:12:28 - src.training - INFO -   CV precision: 0.5395 ± 0.0352
2026-03-28 19:12:28 - src.training - INFO -   CV recall: 0.5579 ± 0.0524
2026-03-28 19:12:28 - src.training - INFO - Training model...
2026-03-28 19:12:28 - src.models - INFO - Training XGBoost (n_estimators=300, lr=0.05)...
2026-03-28 19:12:29 - src.models - INFO - Training complete
2026-03-28 19:12:29 - src.training - INFO - Training accuracy: 1.0000
2026-03-28 19:12:29 - src.training - INFO - Training ROC-AUC: 1.0000
2026-03-28 19:12:29 - src.training - INFO - Training F1: 1.0000
2026-03-28 19:12:29 - src.training - INFO - Validation accuracy: 0.4651
2026-03-28 19:12:29 - src.training - INFO - Validation ROC-AUC: 0.4125
2026-03-28 19:12:29 - src.training - INFO - Validation F1: 0.4202
2026-03-28 19:12:29 - src.training - INFO - Evaluating model on test set...
2026-03-28 19:12:29 - src.training - INFO - test_accuracy: 0.5088
2026-03-28 19:12:29 - src.training - INFO - test_roc_auc: 0.5000
2026-03-28 19:12:29 - src.training - INFO - test_f1: 0.4400
2026-03-28 19:12:29 - src.training - INFO - test_precision: 0.4400
2026-03-28 19:12:29 - src.training - INFO - test_recall: 0.4400
2026-03-28 19:12:29 - src.training - INFO - New best model: xgboost (val ROC-AUC: 0.4125)
2026-03-28 19:12:29 - src.models - INFO - Saved XGBoost model to D:\ai-project\match-predictor\models\trained\best_model.pkl
2026-03-28 19:12:29 - src.training - INFO - 
Best model saved to D:\ai-project\match-predictor\models\trained\best_model.pkl
2026-03-28 19:12:29 - src.training - INFO - Training results saved to D:\ai-project\match-predictor\data\processed\training_results.json
2026-03-28 19:12:29 - src.training - INFO - ==================================================
2026-03-28 19:12:29 - src.training - INFO - Training completed
2026-03-28 19:12:29 - src.training - INFO - ==================================================
